<?xml version="1.0" encoding="UTF-8"?>
<testsuite name="src.main.java.TestSpecificReporter" tests="5" skipped="0" failures="0" errors="0" timestamp="2017-10-18T16:36:34" hostname="Rileys-MacBook-Pro.local" time="0.27">
  <properties/>
  <testcase name="testGetSentence" classname="src.main.java.TestSpecificReporter" time="0.06"/>
  <testcase name="testGetSentenceLines" classname="src.main.java.TestSpecificReporter" time="0.047"/>
  <testcase name="testPrintSpecificMentionNoteNames" classname="src.main.java.TestSpecificReporter" time="0.052"/>
  <testcase name="testPrintSpecificMention" classname="src.main.java.TestSpecificReporter" time="0.051"/>
  <testcase name="testGetFileForSentences" classname="src.main.java.TestSpecificReporter" time="0.058"/>
  <system-out><![CDATA[
Sentence:#hey
  * found in _DonaldDuck.txt

Sentence:#hey
  * found in growingBasil.txt

Sentence:#hey everyone this is a test
  * found in q.txt

Sentence:#hey
  * found in The-Popes-Tweets.txt

Sentence:#hey
  * found in _DonaldDuck.txt

Sentence:#hey
  * found in growingBasil.txt

Sentence:#hey everyone this is a test
  * found in q.txt

Sentence:#hey
  * found in The-Popes-Tweets.txt

Sentence:#hey
  * found in growingBasil.txt

Sentence:#hey
  * found in _DonaldDuck.txt

Sentence:#hey
  * found in growingBasil.txt

Sentence:#hey everyone this is a test
  * found in q.txt

Sentence:#hey
  * found in The-Popes-Tweets.txt
Notes found for #hey 
 [_DonaldDuck.txt, growingBasil.txt, q.txt, The-Popes-Tweets.txt]

Sentence:#hey
  * found in _DonaldDuck.txt

Sentence:#hey
  * found in growingBasil.txt

Sentence:#hey everyone this is a test
  * found in q.txt

Sentence:#hey
  * found in The-Popes-Tweets.txt

Sentence:#hey
  * found in _DonaldDuck.txt

Sentence:#hey
  * found in growingBasil.txt

Sentence:#hey everyone this is a test
  * found in q.txt

Sentence:#hey
  * found in The-Popes-Tweets.txt

Sentence:#hey
  * found in _DonaldDuck.txt

Sentence:#hey
  * found in growingBasil.txt

Sentence:#hey everyone this is a test
  * found in q.txt

Sentence:#hey
  * found in The-Popes-Tweets.txt
]]></system-out>
  <system-err><![CDATA[]]></system-err>
</testsuite>
