<?xml version="1.0" encoding="UTF-8"?>
<testsuite name="notepad.src.main.java.code.testNotebook" tests="1" skipped="0" failures="0" errors="0" timestamp="2017-10-13T17:13:50" hostname="rclarkson-notepad-5417753" time="0.005">
  <properties/>
  <testcase name="testPassToMap" classname="notepad.src.main.java.code.testNotebook" time="0.005"/>
  <system-out><![CDATA[]]></system-out>
  <system-err><![CDATA[]]></system-err>
</testsuite>
