<?xml version="1.0" encoding="UTF-8"?>
<testsuite name="classes.TestNote" tests="3" skipped="0" failures="0" errors="0" timestamp="2017-10-18T03:28:43" hostname="Rileys-MacBook-Pro.local" time="0.011">
  <properties/>
  <testcase name="testParseNote" classname="classes.TestNote" time="0.004"/>
  <testcase name="testName" classname="classes.TestNote" time="0.004"/>
  <testcase name="testGetIdentifierLists" classname="classes.TestNote" time="0.003"/>
  <system-out><![CDATA[]]></system-out>
  <system-err><![CDATA[]]></system-err>
</testsuite>
