<?xml version="1.0" encoding="UTF-8"?>
<testsuite name="classes.TestNoteDeleter" tests="3" skipped="0" failures="0" errors="0" timestamp="2017-10-18T13:41:22" hostname="Rileys-MacBook-Pro.local" time="0.054">
  <properties/>
  <testcase name="testRemoveMentionFromFile" classname="classes.TestNoteDeleter" time="0.007"/>
  <testcase name="testDeleteNoteMentions" classname="classes.TestNoteDeleter" time="0.046"/>
  <testcase name="testDeleteNote" classname="classes.TestNoteDeleter" time="0.0"/>
  <system-out><![CDATA[]]></system-out>
  <system-err><![CDATA[]]></system-err>
</testsuite>
