<?xml version="1.0" encoding="UTF-8"?>
<testsuite name="notepad.src.main.java.code.testNote" tests="3" skipped="0" failures="0" errors="0" timestamp="2017-10-15T19:17:15" hostname="Rileys-MacBook-Pro.local" time="0.026">
  <properties/>
  <testcase name="testParseNote" classname="notepad.src.main.java.code.testNote" time="0.006"/>
  <testcase name="testName" classname="notepad.src.main.java.code.testNote" time="0.014"/>
  <testcase name="testGetIdentifierLists" classname="notepad.src.main.java.code.testNote" time="0.005"/>
  <system-out><![CDATA[]]></system-out>
  <system-err><![CDATA[]]></system-err>
</testsuite>
