<?xml version="1.0" encoding="UTF-8"?>
<testsuite name="classes.TestNotebook" tests="3" skipped="0" failures="0" errors="0" timestamp="2017-10-18T13:23:58" hostname="Rileys-MacBook-Pro.local" time="0.008">
  <properties/>
  <testcase name="testGetListType" classname="classes.TestNotebook" time="0.002"/>
  <testcase name="testGetMaps" classname="classes.TestNotebook" time="0.002"/>
  <testcase name="testPassToMap" classname="classes.TestNotebook" time="0.003"/>
  <system-out><![CDATA[]]></system-out>
  <system-err><![CDATA[]]></system-err>
</testsuite>
