<?xml version="1.0" encoding="UTF-8"?>
<testsuite name="notepad.src.main.java.code.testMain" tests="3" skipped="0" failures="0" errors="0" timestamp="2017-10-15T19:17:15" hostname="Rileys-MacBook-Pro.local" time="0.094">
  <properties/>
  <testcase name="testPrintMenu" classname="notepad.src.main.java.code.testMain" time="0.02"/>
  <testcase name="testPassFiles" classname="notepad.src.main.java.code.testMain" time="0.069"/>
  <testcase name="testGetFilepath" classname="notepad.src.main.java.code.testMain" time="0.002"/>
  <system-out><![CDATA[?[H?[2J
COMMAND NAME  |  COMMAND FUNCTION  |  COMMAND OPTIONS

 add -x           add to notebook      -t (add a note by typing text)
                                       -d (add a note through dictation)
                                       -i (add a type of identifier to an existing note)

COMMAND NAME |   COMMAND FUNCTION  |  COMMAND OPTIONS

 delete -x     delete from notebook     -n (delete a note and its identifiers by notename)
                                        -i (delete a specific identifier)

COMMAND NAME |  COMMAND FUNCTION  |  COMMAND OPTIONS

 search -x     search in notebook     -w (returns the filenames of notes containing an entered identifier)
                                      -a (returns all notes which contain one+ identifiers of a certain type)
                                      -o (returns notes organized by identifiers of a certain type)
                                      -l (returns list of all identifiers of a certain type)
                                      -t (returns notes organized in topological order)

COMMAND NAME  |  COMMAND FUNCTION

 filepath         give notes location via filepath

COMMAND NAME  |  COMMAND FUNCTION

 quit             terminate program


Please enter your ABSOLUTE filepath:
File not found.
]]></system-out>
  <system-err><![CDATA[]]></system-err>
</testsuite>
