<?xml version="1.0" encoding="UTF-8"?>
<testsuite name="classes.TestTSort" tests="3" skipped="0" failures="0" errors="0" timestamp="2017-10-18T13:23:59" hostname="Rileys-MacBook-Pro.local" time="0.034">
  <properties/>
  <testcase name="testTSort" classname="classes.TestTSort" time="0.015"/>
  <testcase name="testDeleteOutgoingVertices" classname="classes.TestTSort" time="0.01"/>
  <testcase name="testFindIncomingVertices" classname="classes.TestTSort" time="0.009"/>
  <system-out><![CDATA[
*.txt


*exceldata5.txt


*How-To-Use-A-Screwdriver.txt


*newnote.txt


*q.txt


*sample.txt


*starwars9script.txt


*pages79-84.txt


*stepByStepGuide-lightingCandles.txt


*sushi-cookbook.txt


*_DonaldDuck.txt


*The-Popes-Tweets.txt


*MobyDick.txt


*sconeRecipe.txt


*growingBasil.txt


*.txt

]]></system-out>
  <system-err><![CDATA[]]></system-err>
</testsuite>
