<?xml version="1.0" encoding="UTF-8"?>
<testsuite name="classes.testNotebook" tests="3" skipped="0" failures="0" errors="0" timestamp="2017-10-18T00:28:54" hostname="Rileys-MacBook-Pro.local" time="0.018">
  <properties/>
  <testcase name="testGetListType" classname="classes.testNotebook" time="0.008"/>
  <testcase name="testGetMaps" classname="classes.testNotebook" time="0.005"/>
  <testcase name="testPassToMap" classname="classes.testNotebook" time="0.005"/>
  <system-out><![CDATA[]]></system-out>
  <system-err><![CDATA[]]></system-err>
</testsuite>
