<?xml version="1.0" encoding="UTF-8"?>
<testsuite name="src.main.java.TestSpecificReporter" tests="5" skipped="0" failures="0" errors="0" timestamp="2017-10-18T17:00:34" hostname="Rileys-MacBook-Pro.local" time="0.406">
  <properties/>
  <testcase name="testGetSentence" classname="src.main.java.TestSpecificReporter" time="0.067"/>
  <testcase name="testGetSentenceLines" classname="src.main.java.TestSpecificReporter" time="0.134"/>
  <testcase name="testPrintSpecificMentionNoteNames" classname="src.main.java.TestSpecificReporter" time="0.087"/>
  <testcase name="testPrintSpecificMention" classname="src.main.java.TestSpecificReporter" time="0.073"/>
  <testcase name="testGetFileForSentences" classname="src.main.java.TestSpecificReporter" time="0.042"/>
  <system-out><![CDATA[
Sentence:#hey
  * found in _DonaldDuck.txt

Sentence:#hey
  * found in growingBasil.txt

Sentence:#hey everyone this is a test
  * found in q.txt

Sentence:#hey
  * found in The-Popes-Tweets.txt

Sentence:#hey
  * found in _DonaldDuck.txt

Sentence:#hey
  * found in growingBasil.txt

Sentence:#hey everyone this is a test
  * found in q.txt

Sentence:#hey
  * found in The-Popes-Tweets.txt

Sentence:#hey
  * found in growingBasil.txt

Sentence:#hey
  * found in _DonaldDuck.txt

Sentence:#hey
  * found in growingBasil.txt

Sentence:#hey everyone this is a test
  * found in q.txt

Sentence:#hey
  * found in The-Popes-Tweets.txt
Notes found for #hey 
 [_DonaldDuck.txt, growingBasil.txt, q.txt, The-Popes-Tweets.txt]

Sentence:#hey
  * found in _DonaldDuck.txt

Sentence:#hey
  * found in growingBasil.txt

Sentence:#hey everyone this is a test
  * found in q.txt

Sentence:#hey
  * found in The-Popes-Tweets.txt

Sentence:#hey
  * found in _DonaldDuck.txt

Sentence:#hey
  * found in growingBasil.txt

Sentence:#hey everyone this is a test
  * found in q.txt

Sentence:#hey
  * found in The-Popes-Tweets.txt

Sentence:#hey
  * found in _DonaldDuck.txt

Sentence:#hey
  * found in growingBasil.txt

Sentence:#hey everyone this is a test
  * found in q.txt

Sentence:#hey
  * found in The-Popes-Tweets.txt
]]></system-out>
  <system-err><![CDATA[]]></system-err>
</testsuite>
