<?xml version="1.0" encoding="UTF-8"?>
<testsuite name="src.main.java.TestNoteDeleter" tests="3" skipped="0" failures="0" errors="0" timestamp="2017-10-18T16:36:34" hostname="Rileys-MacBook-Pro.local" time="0.039">
  <properties/>
  <testcase name="testRemoveMentionFromFile" classname="src.main.java.TestNoteDeleter" time="0.003"/>
  <testcase name="testDeleteNoteMentions" classname="src.main.java.TestNoteDeleter" time="0.035"/>
  <testcase name="testDeleteNote" classname="src.main.java.TestNoteDeleter" time="0.0"/>
  <system-out><![CDATA[]]></system-out>
  <system-err><![CDATA[]]></system-err>
</testsuite>
