<?xml version="1.0" encoding="UTF-8"?>
<testsuite name="notepad.src.main.java.code.testNote" tests="3" skipped="0" failures="0" errors="0" timestamp="2017-10-13T17:23:40" hostname="Rileys-MacBook-Pro.local" time="0.016">
  <properties/>
  <testcase name="testParseNote" classname="notepad.src.main.java.code.testNote" time="0.009"/>
  <testcase name="testName" classname="notepad.src.main.java.code.testNote" time="0.002"/>
  <testcase name="testGetIdentifierLists" classname="notepad.src.main.java.code.testNote" time="0.005"/>
  <system-out><![CDATA[]]></system-out>
  <system-err><![CDATA[]]></system-err>
</testsuite>
