<?xml version="1.0" encoding="UTF-8"?>
<testsuite name="classes.TestNote" tests="3" skipped="0" failures="0" errors="0" timestamp="2017-10-18T00:55:17" hostname="Rileys-MacBook-Pro.local" time="0.015">
  <properties/>
  <testcase name="testParseNote" classname="classes.TestNote" time="0.005"/>
  <testcase name="testName" classname="classes.TestNote" time="0.005"/>
  <testcase name="testGetIdentifierLists" classname="classes.TestNote" time="0.005"/>
  <system-out><![CDATA[]]></system-out>
  <system-err><![CDATA[]]></system-err>
</testsuite>
