<?xml version="1.0" encoding="UTF-8"?>
<testsuite name="classes.TestReportManager" tests="2" skipped="0" failures="0" errors="0" timestamp="2017-10-18T13:23:58" hostname="Rileys-MacBook-Pro.local" time="0.03">
  <properties/>
  <testcase name="testPrintInformation" classname="classes.TestReportManager" time="0.017"/>
  <testcase name="testGenerateReport" classname="classes.TestReportManager" time="0.013"/>
  <system-out><![CDATA[A L L   #
Enter the type of identifier ('#','@','^','!', or 'url') you would like to organize by, or type 'all' for all
?[H?[2J]]></system-out>
  <system-err><![CDATA[]]></system-err>
</testsuite>
