<?xml version="1.0" encoding="UTF-8"?>
<testsuite name="src.main.java.TestReportManager" tests="2" skipped="0" failures="0" errors="0" timestamp="2017-10-18T17:00:34" hostname="Rileys-MacBook-Pro.local" time="0.112">
  <properties/>
  <testcase name="testPrintInformation" classname="src.main.java.TestReportManager" time="0.063"/>
  <testcase name="testGenerateReport" classname="src.main.java.TestReportManager" time="0.048"/>
  <system-out><![CDATA[A L L   #
* #whats-up
* #theWhale
* #hey
* #struggling
* #howTo
Enter the type of identifier ('#','@','^','!', or 'url') you would like to organize by, or type 'all' for all
]]></system-out>
  <system-err><![CDATA[]]></system-err>
</testsuite>
