<?xml version="1.0" encoding="UTF-8"?>
<<<<<<< HEAD
<testsuite name="notepad.src.main.java.code.testNote" tests="3" skipped="0" failures="0" errors="0" timestamp="2017-10-13T17:52:57" hostname="Rileys-MacBook-Pro.local" time="0.014">
=======
<testsuite name="notepad.src.main.java.code.testNote" tests="3" skipped="0" failures="0" errors="0" timestamp="2017-10-13T18:53:38" hostname="Rileys-MacBook-Pro.local" time="0.02">
>>>>>>> master
  <properties/>
  <testcase name="testParseNote" classname="notepad.src.main.java.code.testNote" time="0.004"/>
  <testcase name="testName" classname="notepad.src.main.java.code.testNote" time="0.005"/>
<<<<<<< HEAD
  <testcase name="testGetIdentifierLists" classname="notepad.src.main.java.code.testNote" time="0.005"/>
=======
  <testcase name="testGetIdentifierLists" classname="notepad.src.main.java.code.testNote" time="0.01"/>
>>>>>>> master
  <system-out><![CDATA[]]></system-out>
  <system-err><![CDATA[]]></system-err>
</testsuite>
