<?xml version="1.0" encoding="UTF-8"?>
<testsuite name="notepad.src.main.java.code.testNote" tests="3" skipped="0" failures="0" errors="0" timestamp="2017-10-11T14:39:46" hostname="Rileys-MBP" time="0.031">
  <properties/>
  <testcase name="testParseNote" classname="notepad.src.main.java.code.testNote" time="0.018"/>
  <testcase name="testName" classname="notepad.src.main.java.code.testNote" time="0.008"/>
  <testcase name="testGetIdentifierLists" classname="notepad.src.main.java.code.testNote" time="0.005"/>
  <system-out><![CDATA[]]></system-out>
  <system-err><![CDATA[]]></system-err>
</testsuite>
