<?xml version="1.0" encoding="UTF-8"?>
<<<<<<< HEAD
<testsuite name="notepad.src.main.java.code.testNotebook" tests="3" skipped="0" failures="0" errors="0" timestamp="2017-10-13T17:52:58" hostname="Rileys-MacBook-Pro.local" time="0.009">
  <properties/>
  <testcase name="testGetListType" classname="notepad.src.main.java.code.testNotebook" time="0.004"/>
  <testcase name="testGetMaps" classname="notepad.src.main.java.code.testNotebook" time="0.003"/>
  <testcase name="testPassToMap" classname="notepad.src.main.java.code.testNotebook" time="0.002"/>
=======
<testsuite name="notepad.src.main.java.code.testNotebook" tests="1" skipped="0" failures="0" errors="0" timestamp="2017-10-13T18:53:38" hostname="Rileys-MacBook-Pro.local" time="0.008">
  <properties/>
  <testcase name="testPassToMap" classname="notepad.src.main.java.code.testNotebook" time="0.008"/>
>>>>>>> master
  <system-out><![CDATA[]]></system-out>
  <system-err><![CDATA[]]></system-err>
</testsuite>
