<?xml version="1.0" encoding="UTF-8"?>
<testsuite name="notepad.src.main.java.code.testNotebook" tests="3" skipped="0" failures="0" errors="0" timestamp="2017-10-16T23:42:24" hostname="Rileys-MacBook-Pro.local" time="0.016">
  <properties/>
  <testcase name="testGetListType" classname="notepad.src.main.java.code.testNotebook" time="0.004"/>
  <testcase name="testGetMaps" classname="notepad.src.main.java.code.testNotebook" time="0.005"/>
  <testcase name="testPassToMap" classname="notepad.src.main.java.code.testNotebook" time="0.006"/>
  <system-out><![CDATA[]]></system-out>
  <system-err><![CDATA[]]></system-err>
</testsuite>
