<?xml version="1.0" encoding="UTF-8"?>
<testsuite name="classes.TestNoteAdder" tests="3" skipped="0" failures="0" errors="0" timestamp="2017-10-18T13:41:21" hostname="Rileys-MacBook-Pro.local" time="0.002">
  <properties/>
  <testcase name="testAppendToNote" classname="classes.TestNoteAdder" time="0.0"/>
  <testcase name="testAddDictatedNote" classname="classes.TestNoteAdder" time="0.001"/>
  <testcase name="testAddTypedNote" classname="classes.TestNoteAdder" time="0.001"/>
  <system-out><![CDATA[Please type what you would like to add to testFile.txt. Skip a line and press enter to submit changes
Enter the body of your note. When you are finished please type EOF: 
 
]]></system-out>
  <system-err><![CDATA[]]></system-err>
</testsuite>
